<?xml version="1.0" encoding="UTF-8"?>
<!-- Generated by org.testng.reporters.JUnitReportReporter -->
<testsuite skipped="0" hostname="LAPTOP-AV8JRCAO" name="testScripts.DirectBankTransferAsPaymentMethodTest" tests="1" failures="0" timestamp="2023-06-30T12:57:05 IST" time="44.254" errors="0">
  <testcase name="DirectBankTransferAsPaymentMethodTest" time="44.254" classname="testScripts.DirectBankTransferAsPaymentMethodTest"/>
  <system-out>
    <![CDATA[Test Execution Started
Test Execution Passed]]>
  </system-out>
</testsuite> <!-- testScripts.DirectBankTransferAsPaymentMethodTest -->
