<?xml version="1.0" encoding="UTF-8"?>
<!-- Generated by org.testng.reporters.JUnitReportReporter -->
<testsuite skipped="0" hostname="LAPTOP-AV8JRCAO" name="testScripts.CreatePaymentTest" tests="1" failures="0" timestamp="2023-06-29T13:38:34 IST" time="21.787" errors="0">
  <testcase name="createPaymentTest" time="21.787" classname="testScripts.CreatePaymentTest"/>
  <system-out/>
</testsuite> <!-- testScripts.CreatePaymentTest -->
