<?xml version="1.0" encoding="UTF-8"?>
<!-- Generated by org.testng.reporters.JUnitReportReporter -->
<testsuite skipped="0" hostname="LAPTOP-AV8JRCAO" name="testScripts.QRCode_PromptPayAsPaymentMethodTest" tests="1" failures="0" timestamp="2023-06-30T12:41:18 IST" time="36.573" errors="0">
  <testcase name="QRCode_PromptPayAsPaymentMethodTest" time="36.573" classname="testScripts.QRCode_PromptPayAsPaymentMethodTest"/>
  <system-out>
    <![CDATA[Test Execution Started
Test Execution Passed]]>
  </system-out>
</testsuite> <!-- testScripts.QRCode_PromptPayAsPaymentMethodTest -->
