<?xml version="1.0" encoding="UTF-8"?>
<!-- Generated by org.testng.reporters.JUnitReportReporter -->
<testsuite skipped="0" hostname="LAPTOP-AV8JRCAO" name="testScripts.BNPL_AtomeAsPaymentMethodTest" tests="1" failures="0" timestamp="2023-06-30T12:37:38 IST" time="37.584" errors="0">
  <testcase name="BNPL_AtomeAsPaymentMethodTest" time="37.584" classname="testScripts.BNPL_AtomeAsPaymentMethodTest"/>
  <system-out>
    <![CDATA[Test Execution Started
Test Execution Passed]]>
  </system-out>
</testsuite> <!-- testScripts.BNPL_AtomeAsPaymentMethodTest -->
