<?xml version="1.0" encoding="UTF-8"?>
<!-- Generated by org.testng.reporters.JUnitReportReporter -->
<testsuite skipped="0" hostname="LAPTOP-AV8JRCAO" name="testScripts.Wallet_TrueMoneyAsPaymentMethodTest" tests="1" failures="0" timestamp="2023-06-30T12:28:33 IST" time="41.005" errors="0">
  <testcase name="wallet_TrueMoneyAsPaymentMethodTest" time="41.005" classname="testScripts.Wallet_TrueMoneyAsPaymentMethodTest"/>
  <system-out>
    <![CDATA[Test Execution Started
Test Execution Passed]]>
  </system-out>
</testsuite> <!-- testScripts.Wallet_TrueMoneyAsPaymentMethodTest -->
