<?xml version="1.0" encoding="UTF-8"?>
<!-- Generated by org.testng.reporters.JUnitReportReporter -->
<testsuite skipped="0" hostname="LAPTOP-AV8JRCAO" name="testScripts.CODAsPaymentMethodTest" tests="1" failures="0" timestamp="2023-06-30T12:55:01 IST" time="36.084" errors="0">
  <testcase name="CODAsPaymentMethodTest" time="36.084" classname="testScripts.CODAsPaymentMethodTest"/>
  <system-out>
    <![CDATA[Test Execution Started
Test Execution Passed]]>
  </system-out>
</testsuite> <!-- testScripts.CODAsPaymentMethodTest -->
