<?xml version="1.0" encoding="UTF-8"?>
<!-- Generated by org.testng.reporters.JUnitReportReporter -->
<testsuite skipped="0" hostname="LAPTOP-AV8JRCAO" name="testScripts.InstallmentAsPaymentMethodTest" tests="1" failures="0" timestamp="2023-06-30T13:06:53 IST" time="39.853" errors="0">
  <testcase name="InstallmentAsPaymentMethodTest" time="39.853" classname="testScripts.InstallmentAsPaymentMethodTest"/>
  <system-out>
    <![CDATA[Test Execution Started
Test Execution Passed]]>
  </system-out>
</testsuite> <!-- testScripts.InstallmentAsPaymentMethodTest -->
