<?xml version="1.0" encoding="UTF-8"?>
<!-- Generated by org.testng.reporters.JUnitReportReporter -->
<testsuite skipped="0" hostname="LAPTOP-AV8JRCAO" name="testScripts.NetBanking_KPlusBankAsPaymentMethodTest" tests="1" failures="0" timestamp="2023-06-30T12:44:12 IST" time="39.965" errors="0">
  <testcase name="NetBanking_KPlusBankAsPaymentMethodTest" time="39.965" classname="testScripts.NetBanking_KPlusBankAsPaymentMethodTest"/>
  <system-out>
    <![CDATA[Test Execution Started
Test Execution Passed]]>
  </system-out>
</testsuite> <!-- testScripts.NetBanking_KPlusBankAsPaymentMethodTest -->
