<?xml version="1.0" encoding="UTF-8"?>
<!-- Generated by org.testng.reporters.JUnitReportReporter -->
<testsuite skipped="0" hostname="LAPTOP-AV8JRCAO" name="testScripts.CreditDebitCardAsPaymentMethodTest" tests="1" failures="0" timestamp="2023-06-30T12:48:26 IST" time="61.083" errors="0">
  <testcase name="CreditDebitCardAsPaymentMethodTest" time="61.083" classname="testScripts.CreditDebitCardAsPaymentMethodTest"/>
  <system-out>
    <![CDATA[Test Execution Started
Test Execution Passed]]>
  </system-out>
</testsuite> <!-- testScripts.CreditDebitCardAsPaymentMethodTest -->
