<?xml version="1.0" encoding="UTF-8"?>
<!-- Generated by org.testng.reporters.JUnitReportReporter -->
<testsuite skipped="0" hostname="LAPTOP-AV8JRCAO" name="testScripts.WalletAsPaymentMethodTest" tests="1" failures="0" timestamp="2023-06-29T15:29:54 IST" time="37.016" errors="0">
  <testcase name="walletAsPaymentMethodTest" time="37.016" classname="testScripts.WalletAsPaymentMethodTest"/>
  <system-out/>
</testsuite> <!-- testScripts.WalletAsPaymentMethodTest -->
